<?xml version="1.0" encoding="UTF-8"?>
<testsuite xmlns:xsi="http://www.w3.org/2001/XMLSchema-instance" xsi:noNamespaceSchemaLocation="https://maven.apache.org/surefire/maven-surefire-plugin/xsd/surefire-test-report-3.0.xsd" version="3.0" name="com.luv2code.springboot.thymeleafdemo.ThymeleafdemoApplicationTests" time="7.615" tests="1" errors="0" skipped="0" failures="0">
  <properties>
[...]
</properties>
  <testcase name="contextLoads" classname="com.luv2code.springboot.thymeleafdemo.ThymeleafdemoApplicationTests" time="0.741">
    <system-out><![CDATA[22:53:54.772 [main] INFO org.springframework.test.context.support.AnnotationConfigContextLoaderUtils -- Could not detect default configuration classes for test class [com.luv2code.springboot.thymeleafdemo.ThymeleafdemoApplicationTests]: ThymeleafdemoApplicationTests does not declare any static, non-private, non-final, nested classes annotated with @Configuration.
22:53:54.894 [main] INFO org.springframework.boot.test.context.SpringBootTestContextBootstrapper -- Found @SpringBootConfiguration com.luv2code.springboot.thymeleafdemo.ThymeleafdemoApplication for test class com.luv2code.springboot.thymeleafdemo.ThymeleafdemoApplicationTests

  .   ____          _            __ _ _
 /\\ / ___'_ __ _ _(_)_ __  __ _ \ \ \ \
( ( )\___ | '_ | '_| | '_ \/ _` | \ \ \ \
 \\/  ___)| |_)| | | | | || (_| |  ) ) ) )
  '  |____| .__|_| |_|_| |_\__, | / / / /
 =========|_|==============|___/=/_/_/_/
 :: Spring Boot ::                (v3.1.0)

2023-07-18T22:53:55.501+05:30  INFO 14420 --- [           main] c.l.s.t.ThymeleafdemoApplicationTests    : Starting ThymeleafdemoApplicationTests using Java 17.0.7 with PID 14420 (started by QQA0389 in C:\Users\QQA0389\Downloads\springbootdemo (1)\springbootdemo\learnSB\07-spring-boot-spring-mvc-crud-thymleaf\01-thymeleaf-demo-employees-starter-list)
2023-07-18T22:53:55.503+05:30  INFO 14420 --- [           main] c.l.s.t.ThymeleafdemoApplicationTests    : No active profile set, falling back to 1 default profile: "default"
2023-07-18T22:53:56.443+05:30  INFO 14420 --- [           main] .s.d.r.c.RepositoryConfigurationDelegate : Bootstrapping Spring Data JPA repositories in DEFAULT mode.
2023-07-18T22:53:56.556+05:30  INFO 14420 --- [           main] .s.d.r.c.RepositoryConfigurationDelegate : Finished Spring Data repository scanning in 96 ms. Found 1 JPA repository interfaces.
2023-07-18T22:53:57.206+05:30  INFO 14420 --- [           main] com.zaxxer.hikari.HikariDataSource       : HikariPool-1 - Starting...
2023-07-18T22:53:57.768+05:30  INFO 14420 --- [           main] com.zaxxer.hikari.pool.HikariPool        : HikariPool-1 - Added connection com.mysql.cj.jdbc.ConnectionImpl@5b251fb9
2023-07-18T22:53:57.770+05:30  INFO 14420 --- [           main] com.zaxxer.hikari.HikariDataSource       : HikariPool-1 - Start completed.
2023-07-18T22:53:57.834+05:30  INFO 14420 --- [           main] o.hibernate.jpa.internal.util.LogHelper  : HHH000204: Processing PersistenceUnitInfo [name: default]
2023-07-18T22:53:57.937+05:30  INFO 14420 --- [           main] org.hibernate.Version                    : HHH000412: Hibernate ORM core version 6.2.2.Final
2023-07-18T22:53:57.942+05:30  INFO 14420 --- [           main] org.hibernate.cfg.Environment            : HHH000406: Using bytecode reflection optimizer
2023-07-18T22:53:58.241+05:30  INFO 14420 --- [           main] o.h.b.i.BytecodeProviderInitiator        : HHH000021: Bytecode provider name : bytebuddy
2023-07-18T22:53:58.453+05:30  INFO 14420 --- [           main] o.s.o.j.p.SpringPersistenceUnitInfo      : No LoadTimeWeaver setup: ignoring JPA class transformer
2023-07-18T22:53:58.557+05:30  INFO 14420 --- [           main] org.hibernate.orm.dialect                : HHH035001: Using dialect: org.hibernate.dialect.MySQLDialect, version: 8.0.33
2023-07-18T22:53:58.945+05:30  INFO 14420 --- [           main] o.h.b.i.BytecodeProviderInitiator        : HHH000021: Bytecode provider name : bytebuddy
2023-07-18T22:54:00.095+05:30  INFO 14420 --- [           main] o.h.e.t.j.p.i.JtaPlatformInitiator       : HHH000490: Using JtaPlatform implementation: [org.hibernate.engine.transaction.jta.platform.internal.NoJtaPlatform]
2023-07-18T22:54:00.099+05:30  INFO 14420 --- [           main] j.LocalContainerEntityManagerFactoryBean : Initialized JPA EntityManagerFactory for persistence unit 'default'
2023-07-18T22:54:00.760+05:30  WARN 14420 --- [           main] JpaBaseConfiguration$JpaWebConfiguration : spring.jpa.open-in-view is enabled by default. Therefore, database queries may be performed during view rendering. Explicitly configure spring.jpa.open-in-view to disable this warning
2023-07-18T22:54:01.419+05:30  INFO 14420 --- [           main] c.l.s.t.ThymeleafdemoApplicationTests    : Started ThymeleafdemoApplicationTests in 6.301 seconds (process running for 7.432)
]]></system-out>
  </testcase>
</testsuite>